Running command: "/home/anti88/Schreibtisch/Sem 3/cross platform/cross_chat/platforms/android/cordova/build" 
ANDROID_HOME=/home/anti88/Festplatte/ANDROID/sdk/
JAVA_HOME=/usr/lib/jvm/java-1.8.0-openjdk-1.8.0.65-3.b17.fc23.x86_64
Running: /home/anti88/Dokumente/FH/Sem 3/cross platform/cross_chat/platforms/android/gradlew cdvBuildDebug -b /home/anti88/Dokumente/FH/Sem 3/cross platform/cross_chat/platforms/android/build.gradle -Dorg.gradle.daemon=true
:preBuild
:compileDebugNdk UP-TO-DATE
:preDebugBuild
:checkDebugManifest
:CordovaLib:compileLint
:CordovaLib:copyDebugLint UP-TO-DATE
:CordovaLib:mergeDebugProguardFiles UP-TO-DATE
:CordovaLib:preBuild
:CordovaLib:preDebugBuild
:CordovaLib:checkDebugManifest
:CordovaLib:prepareDebugDependencies
:CordovaLib:compileDebugAidl UP-TO-DATE
:CordovaLib:compileDebugRenderscript UP-TO-DATE
:CordovaLib:generateDebugBuildConfig UP-TO-DATE
:CordovaLib:generateDebugAssets UP-TO-DATE
:CordovaLib:mergeDebugAssets UP-TO-DATE
:CordovaLib:generateDebugResValues UP-TO-DATE
:CordovaLib:generateDebugResources UP-TO-DATE
:CordovaLib:packageDebugResources UP-TO-DATE
:CordovaLib:processDebugManifest UP-TO-DATE
:CordovaLib:processDebugResources UP-TO-DATE
:CordovaLib:generateDebugSources UP-TO-DATE
:CordovaLib:compileDebugJava UP-TO-DATE
:CordovaLib:processDebugJavaRes UP-TO-DATE
:CordovaLib:packageDebugJar UP-TO-DATE
:CordovaLib:compileDebugNdk UP-TO-DATE
:CordovaLib:packageDebugJniLibs UP-TO-DATE
:CordovaLib:packageDebugLocalJar UP-TO-DATE
:CordovaLib:packageDebugRenderscript UP-TO-DATE
:CordovaLib:bundleDebug UP-TO-DATE
:prepareAndroidCordovaLibUnspecifiedDebugLibrary UP-TO-DATE
:prepareDebugDependencies
:compileDebugAidl UP-TO-DATE
:compileDebugRenderscript UP-TO-DATE
:generateDebugBuildConfig UP-TO-DATE
:generateDebugAssets UP-TO-DATE
:mergeDebugAssets
:generateDebugResValues UP-TO-DATE
:generateDebugResources UP-TO-DATE
:mergeDebugResources UP-TO-DATE
:processDebugManifest UP-TO-DATE
:processDebugResources
:generateDebugSources
:compileDebugJava UP-TO-DATE
:preDexDebug UP-TO-DATE
:dexDebug UP-TO-DATE
:processDebugJavaRes UP-TO-DATE
:validateDebugSigning
:packageDebug
:zipalignDebug
:assembleDebug
:cdvBuildDebug

BUILD SUCCESSFUL

Total time: 5.137 secs
Built the following apk(s):
    /home/anti88/Dokumente/FH/Sem 3/cross platform/cross_chat/platforms/android/build/outputs/apk/android-debug.apk
